<?xml version="1.0" encoding="UTF-8"?>
<coverage generated="1663120148430" clover="3.2.0">
  <project timestamp="1663120148431" name="All files">
    <metrics statements="8" coveredstatements="8" conditionals="3" coveredconditionals="3" methods="2" coveredmethods="2" elements="13" coveredelements="13" complexity="0" loc="8" ncloc="8" packages="4" files="4" classes="4"/>
    <package name="assets.images">
      <metrics statements="1" coveredstatements="1" conditionals="0" coveredconditionals="0" methods="0" coveredmethods="0"/>
      <file name="star.png" path="C:\Users\thiag\Desktop\apps\testes\TVmaze-CURSO-INIT\src\assets\images\star.png">
        <metrics statements="1" coveredstatements="1" conditionals="0" coveredconditionals="0" methods="0" coveredmethods="0"/>
        <line num="1" count="1" type="stmt"/>
      </file>
    </package>
    <package name="components.ImageIcon">
      <metrics statements="1" coveredstatements="1" conditionals="1" coveredconditionals="1" methods="1" coveredmethods="1"/>
      <file name="ImageIcon.tsx" path="C:\Users\thiag\Desktop\apps\testes\TVmaze-CURSO-INIT\src\components\ImageIcon\ImageIcon.tsx">
        <metrics statements="1" coveredstatements="1" conditionals="1" coveredconditionals="1" methods="1" coveredmethods="1"/>
        <line num="10" count="2" type="stmt"/>
      </file>
    </package>
    <package name="components.StarRating">
      <metrics statements="5" coveredstatements="5" conditionals="2" coveredconditionals="2" methods="1" coveredmethods="1"/>
      <file name="StarRating.tsx" path="C:\Users\thiag\Desktop\apps\testes\TVmaze-CURSO-INIT\src\components\StarRating\StarRating.tsx">
        <metrics statements="5" coveredstatements="5" conditionals="2" coveredconditionals="2" methods="1" coveredmethods="1"/>
        <line num="8" count="1" type="stmt"/>
        <line num="14" count="3" type="cond" truecount="2" falsecount="0"/>
        <line num="15" count="1" type="stmt"/>
        <line num="18" count="2" type="stmt"/>
        <line num="26" count="1" type="stmt"/>
      </file>
    </package>
    <package name="styles">
      <metrics statements="1" coveredstatements="1" conditionals="0" coveredconditionals="0" methods="0" coveredmethods="0"/>
      <file name="colors.ts" path="C:\Users\thiag\Desktop\apps\testes\TVmaze-CURSO-INIT\src\styles\colors.ts">
        <metrics statements="1" coveredstatements="1" conditionals="0" coveredconditionals="0" methods="0" coveredmethods="0"/>
        <line num="1" count="1" type="stmt"/>
      </file>
    </package>
  </project>
</coverage>
