{"C:\\Users\\thiag\\Desktop\\apps\\testes\\TVmaze-CURSO-INIT\\src\\assets\\images\\star.png": {"path":"C:\\Users\\thiag\\Desktop\\apps\\testes\\TVmaze-CURSO-INIT\\src\\assets\\images\\star.png","statementMap":{"0":{"start":{"line":1,"column":0},"end":{"line":4,"column":6}}},"fnMap":{},"branchMap":{},"s":{"0":1},"f":{},"b":{},"inputSourceMap":null,"_coverageSchema":"1a1c01bbd47fc00a2c39e90264f33305004495a9","hash":"ba4b8f985022fbe4a45164f24d4c2aa2bc670d28"}
,"C:\\Users\\thiag\\Desktop\\apps\\testes\\TVmaze-CURSO-INIT\\src\\components\\ImageIcon\\ImageIcon.tsx": {"path":"C:\\Users\\thiag\\Desktop\\apps\\testes\\TVmaze-CURSO-INIT\\src\\components\\ImageIcon\\ImageIcon.tsx","statementMap":{"0":{"start":{"line":10,"column":2},"end":{"line":18,"column":4}}},"fnMap":{"0":{"name":"ImageIcon","decl":{"start":{"line":9,"column":16},"end":{"line":9,"column":25}},"loc":{"start":{"line":9,"column":70},"end":{"line":19,"column":1}},"line":9}},"branchMap":{"0":{"loc":{"start":{"line":9,"column":42},"end":{"line":9,"column":51}},"type":"default-arg","locations":[{"start":{"line":9,"column":49},"end":{"line":9,"column":51}}],"line":9}},"s":{"0":2},"f":{"0":2},"b":{"0":[2]},"_coverageSchema":"1a1c01bbd47fc00a2c39e90264f33305004495a9","hash":"47a0cad5378952dfe26c46b06ab1603c514d9f7b"}
,"C:\\Users\\thiag\\Desktop\\apps\\testes\\TVmaze-CURSO-INIT\\src\\components\\StarRating\\StarRating.tsx": {"path":"C:\\Users\\thiag\\Desktop\\apps\\testes\\TVmaze-CURSO-INIT\\src\\components\\StarRating\\StarRating.tsx","statementMap":{"0":{"start":{"line":8,"column":17},"end":{"line":8,"column":56}},"1":{"start":{"line":14,"column":2},"end":{"line":16,"column":3}},"2":{"start":{"line":15,"column":4},"end":{"line":15,"column":16}},"3":{"start":{"line":18,"column":2},"end":{"line":23,"column":4}},"4":{"start":{"line":26,"column":15},"end":{"line":35,"column":2}}},"fnMap":{"0":{"name":"StarRating","decl":{"start":{"line":13,"column":16},"end":{"line":13,"column":26}},"loc":{"start":{"line":13,"column":44},"end":{"line":24,"column":1}},"line":13}},"branchMap":{"0":{"loc":{"start":{"line":14,"column":2},"end":{"line":16,"column":3}},"type":"if","locations":[{"start":{"line":14,"column":2},"end":{"line":16,"column":3}},{"start":{},"end":{}}],"line":14}},"s":{"0":1,"1":3,"2":1,"3":2,"4":1},"f":{"0":3},"b":{"0":[1,2]},"_coverageSchema":"1a1c01bbd47fc00a2c39e90264f33305004495a9","hash":"224e4ea83d305df14325e652640ee62e35dab6ad"}
,"C:\\Users\\thiag\\Desktop\\apps\\testes\\TVmaze-CURSO-INIT\\src\\styles\\colors.ts": {"path":"C:\\Users\\thiag\\Desktop\\apps\\testes\\TVmaze-CURSO-INIT\\src\\styles\\colors.ts","statementMap":{"0":{"start":{"line":1,"column":22},"end":{"line":9,"column":1}}},"fnMap":{},"branchMap":{},"s":{"0":1},"f":{},"b":{},"_coverageSchema":"1a1c01bbd47fc00a2c39e90264f33305004495a9","hash":"2897b840d9ebf0ea82cea798f7f6fceb4b528873"}
}
